{
  "RSpec": {
    "coverage": {
      "/home/mjsavage88-19829/code/labs/tic-tac-toe-rb-ruby-intro-000/lib/tic_tac_toe.rb": [
        1,
        25,
        25,
        25,
        25,
        25,
        null,
        null,
        1,
        23,
        null,
        null,
        1,
        22,
        null,
        null,
        1,
        23,
        20,
        null,
        null,
        null,
        1,
        129,
        105,
        24,
        0,
        null,
        24,
        null,
        null,
        null,
        1,
        20,
        20,
        20,
        20,
        20,
        19,
        null,
        1,
        null,
        20,
        null,
        null,
        1,
        220,
        null,
        null,
        1,
        21,
        15,
        null,
        6,
        null,
        null,
        null,
        1,
        null,
        null,
        null,
        null,
        null,
        null,
        null,
        null,
        null,
        null,
        1,
        57,
        369,
        null,
        null,
        null,
        1,
        33,
        144,
        null,
        null,
        null,
        1,
        24,
        null,
        null,
        1,
        21,
        null,
        null,
        1,
        7,
        6,
        null,
        null,
        null,
        1,
        12,
        17,
        null,
        12,
        3,
        9,
        5,
        null,
        null
      ]
    },
    "timestamp": 1472918427
  }
}
