{
  "RSpec": {
    "coverage": {
      "/home/williamjoshualacey-91702/code/labs/tic-tac-toe-rb-ruby-intro-000/lib/tic_tac_toe.rb": [
        null,
        1,
        22,
        22,
        22,
        22,
        22,
        null,
        null,
        1,
        21,
        null,
        null,
        1,
        20,
        20,
        180,
        30,
        null,
        null,
        20,
        null,
        null,
        1,
        19,
        14,
        null,
        5,
        null,
        null,
        null,
        1,
        20,
        null,
        null,
        1,
        23,
        null,
        null,
        1,
        21,
        null,
        null,
        1,
        18,
        18,
        18,
        18,
        18,
        17,
        17,
        null,
        1,
        null,
        null,
        null,
        null,
        null,
        1,
        null,
        null,
        null,
        null,
        null,
        null,
        null,
        null,
        null,
        null,
        null,
        1,
        85,
        606,
        606,
        606,
        null,
        606,
        606,
        606,
        null,
        606,
        16,
        null,
        5,
        null,
        null,
        64,
        null,
        null,
        1,
        211,
        null,
        null,
        1,
        37,
        null,
        null,
        1,
        12,
        null,
        null,
        1,
        7,
        6,
        6,
        6,
        null,
        null,
        null,
        null,
        null,
        1,
        27,
        4,
        23,
        3,
        20,
        5,
        null,
        15,
        15,
        null,
        null
      ]
    },
    "timestamp": 1497909567
  }
}
